# JRE version: OpenJDK Runtime Environment (11.0.8+10) (build 11.0.8+10-b944.6842174)
# Java VM: OpenJDK 64-Bit Server VM (11.0.8+10-b944.6842174, mixed mode, tiered, compressed oops, g1 gc, windows-amd64)
Heap:
 garbage-first heap   total 391168K, used 234805K [0x0000000080000000, 0x0000000100000000)
  region size 1024K, 109 young (111616K), 24 survivors (24576K)
 Metaspace       used 115435K, capacity 119575K, committed 119680K, reserved 1153024K
  class space    used 14625K, capacity 16225K, committed 16256K, reserved 1048576K
GC Heap History (20 events):
Event: 7.344 GC heap before
{Heap before GC invocations=8 (full 0):
 garbage-first heap   total 391168K, used 179150K [0x0000000080000000, 0x0000000100000000)
  region size 1024K, 157 young (160768K), 12 survivors (12288K)
 Metaspace       used 57689K, capacity 59168K, committed 59392K, reserved 1101824K
  class space    used 7331K, capacity 7878K, committed 7936K, reserved 1048576K
}
Event: 7.351 GC heap after
{Heap after GC invocations=9 (full 0):
 garbage-first heap   total 391168K, used 43113K [0x0000000080000000, 0x0000000100000000)
  region size 1024K, 20 young (20480K), 20 survivors (20480K)
 Metaspace       used 57689K, capacity 59168K, committed 59392K, reserved 1101824K
  class space    used 7331K, capacity 7878K, committed 7936K, reserved 1048576K
}
Event: 7.392 GC heap before
{Heap before GC invocations=9 (full 0):
 garbage-first heap   total 391168K, used 47209K [0x0000000080000000, 0x0000000100000000)
  region size 1024K, 25 young (25600K), 20 survivors (20480K)
 Metaspace       used 58527K, capacity 60075K, committed 60160K, reserved 1101824K
  class space    used 7421K, capacity 7988K, committed 8064K, reserved 1048576K
}
Event: 7.403 GC heap after
{Heap after GC invocations=10 (full 0):
 garbage-first heap   total 391168K, used 45148K [0x0000000080000000, 0x0000000100000000)
  region size 1024K, 15 young (15360K), 15 survivors (15360K)
 Metaspace       used 58527K, capacity 60075K, committed 60160K, reserved 1101824K
  class space    used 7421K, capacity 7988K, committed 8064K, reserved 1048576K
}
Event: 8.804 GC heap before
{Heap before GC invocations=11 (full 0):
 garbage-first heap   total 391168K, used 230492K [0x0000000080000000, 0x0000000100000000)
  region size 1024K, 196 young (200704K), 15 survivors (15360K)
 Metaspace       used 75565K, capacity 77451K, committed 77696K, reserved 1116160K
  class space    used 9865K, capacity 10574K, committed 10624K, reserved 1048576K
}
Event: 8.839 GC heap after
{Heap after GC invocations=12 (full 0):
 garbage-first heap   total 391168K, used 56443K [0x0000000080000000, 0x0000000100000000)
  region size 1024K, 25 young (25600K), 25 survivors (25600K)
 Metaspace       used 75565K, capacity 77451K, committed 77696K, reserved 1116160K
  class space    used 9865K, capacity 10574K, committed 10624K, reserved 1048576K
}
Event: 10.814 GC heap before
{Heap before GC invocations=13 (full 0):
 garbage-first heap   total 391168K, used 251003K [0x0000000080000000, 0x0000000100000000)
  region size 1024K, 216 young (221184K), 25 survivors (25600K)
 Metaspace       used 80833K, capacity 83004K, committed 83328K, reserved 1122304K
  class space    used 10497K, capacity 11290K, committed 11392K, reserved 1048576K
}
Event: 10.829 GC heap after
{Heap after GC invocations=14 (full 0):
 garbage-first heap   total 391168K, used 71934K [0x0000000080000000, 0x0000000100000000)
  region size 1024K, 27 young (27648K), 27 survivors (27648K)
 Metaspace       used 80833K, capacity 83004K, committed 83328K, reserved 1122304K
  class space    used 10497K, capacity 11290K, committed 11392K, reserved 1048576K
}
Event: 18.469 GC heap before
{Heap before GC invocations=14 (full 0):
 garbage-first heap   total 391168K, used 267518K [0x0000000080000000, 0x0000000100000000)
  region size 1024K, 216 young (221184K), 27 survivors (27648K)
 Metaspace       used 91165K, capacity 93659K, committed 93824K, reserved 1130496K
  class space    used 11601K, capacity 12546K, committed 12672K, reserved 1048576K
}
Event: 18.490 GC heap after
{Heap after GC invocations=15 (full 0):
 garbage-first heap   total 391168K, used 99911K [0x0000000080000000, 0x0000000100000000)
  region size 1024K, 25 young (25600K), 25 survivors (25600K)
 Metaspace       used 91165K, capacity 93659K, committed 93824K, reserved 1130496K
  class space    used 11601K, capacity 12546K, committed 12672K, reserved 1048576K
}
Event: 19.250 GC heap before
{Heap before GC invocations=15 (full 0):
 garbage-first heap   total 391168K, used 275015K [0x0000000080000000, 0x0000000100000000)
  region size 1024K, 197 young (201728K), 25 survivors (25600K)
 Metaspace       used 97505K, capacity 100576K, committed 100736K, reserved 1136640K
  class space    used 12528K, capacity 13669K, committed 13696K, reserved 1048576K
}
Event: 19.257 GC heap after
{Heap after GC invocations=16 (full 0):
 garbage-first heap   total 391168K, used 89409K [0x0000000080000000, 0x0000000100000000)
  region size 1024K, 9 young (9216K), 9 survivors (9216K)
 Metaspace       used 97505K, capacity 100576K, committed 100736K, reserved 1136640K
  class space    used 12528K, capacity 13669K, committed 13696K, reserved 1048576K
}
Event: 19.947 GC heap before
{Heap before GC invocations=16 (full 0):
 garbage-first heap   total 391168K, used 282945K [0x0000000080000000, 0x0000000100000000)
  region size 1024K, 199 young (203776K), 9 survivors (9216K)
 Metaspace       used 106168K, capacity 109940K, committed 110208K, reserved 1144832K
  class space    used 13867K, capacity 15383K, committed 15488K, reserved 1048576K
}
Event: 19.951 GC heap after
{Heap after GC invocations=17 (full 0):
 garbage-first heap   total 391168K, used 88572K [0x0000000080000000, 0x0000000100000000)
  region size 1024K, 8 young (8192K), 8 survivors (8192K)
 Metaspace       used 106168K, capacity 109940K, committed 110208K, reserved 1144832K
  class space    used 13867K, capacity 15383K, committed 15488K, reserved 1048576K
}
Event: 272.311 GC heap before
{Heap before GC invocations=17 (full 0):
 garbage-first heap   total 391168K, used 307708K [0x0000000080000000, 0x0000000100000000)
  region size 1024K, 206 young (210944K), 8 survivors (8192K)
 Metaspace       used 113756K, capacity 117788K, committed 118144K, reserved 1150976K
  class space    used 14574K, capacity 16138K, committed 16256K, reserved 1048576K
}
Event: 272.326 GC heap after
{Heap after GC invocations=18 (full 0):
 garbage-first heap   total 391168K, used 113465K [0x0000000080000000, 0x0000000100000000)
  region size 1024K, 26 young (26624K), 26 survivors (26624K)
 Metaspace       used 113756K, capacity 117788K, committed 118144K, reserved 1150976K
  class space    used 14574K, capacity 16138K, committed 16256K, reserved 1048576K
}
Event: 390.283 GC heap before
{Heap before GC invocations=18 (full 0):
 garbage-first heap   total 391168K, used 309049K [0x0000000080000000, 0x0000000100000000)
  region size 1024K, 203 young (207872K), 26 survivors (26624K)
 Metaspace       used 114529K, capacity 118543K, committed 118656K, reserved 1150976K
  class space    used 14584K, capacity 16152K, committed 16256K, reserved 1048576K
}
Event: 390.298 GC heap after
{Heap after GC invocations=19 (full 0):
 garbage-first heap   total 391168K, used 123010K [0x0000000080000000, 0x0000000100000000)
  region size 1024K, 15 young (15360K), 15 survivors (15360K)
 Metaspace       used 114529K, capacity 118543K, committed 118656K, reserved 1150976K
  class space    used 14584K, capacity 16152K, committed 16256K, reserved 1048576K
}
Event: 391.005 GC heap before
{Heap before GC invocations=19 (full 0):
 garbage-first heap   total 391168K, used 300162K [0x0000000080000000, 0x0000000100000000)
  region size 1024K, 187 young (191488K), 15 survivors (15360K)
 Metaspace       used 115301K, capacity 119444K, committed 119680K, reserved 1153024K
  class space    used 14615K, capacity 16206K, committed 16256K, reserved 1048576K
}
Event: 391.021 GC heap after
{Heap after GC invocations=20 (full 0):
 garbage-first heap   total 391168K, used 148789K [0x0000000080000000, 0x0000000100000000)
  region size 1024K, 24 young (24576K), 24 survivors (24576K)
 Metaspace       used 115301K, capacity 119444K, committed 119680K, reserved 1153024K
  class space    used 14615K, capacity 16206K, committed 16256K, reserved 1048576K
}

