# JRE version: OpenJDK Runtime Environment (11.0.8+10) (build 11.0.8+10-b944.6842174)
# Java VM: OpenJDK 64-Bit Server VM (11.0.8+10-b944.6842174, mixed mode, tiered, compressed oops, g1 gc, windows-amd64)
Heap:
 garbage-first heap   total 391168K, used 149170K [0x0000000080000000, 0x0000000100000000)
  region size 1024K, 17 young (17408K), 6 survivors (6144K)
 Metaspace       used 132227K, capacity 137214K, committed 137256K, reserved 1169408K
  class space    used 16625K, capacity 18438K, committed 18476K, reserved 1048576K
GC Heap History (20 events):
Event: 7.699 GC heap before
{Heap before GC invocations=12 (full 0):
 garbage-first heap   total 391168K, used 257709K [0x0000000080000000, 0x0000000100000000)
  region size 1024K, 189 young (193536K), 19 survivors (19456K)
 Metaspace       used 95060K, capacity 98277K, committed 98508K, reserved 1134592K
  class space    used 12546K, capacity 13751K, committed 13824K, reserved 1048576K
}
Event: 7.710 GC heap after
{Heap after GC invocations=13 (full 0):
 garbage-first heap   total 391168K, used 94799K [0x0000000080000000, 0x0000000100000000)
  region size 1024K, 19 young (19456K), 19 survivors (19456K)
 Metaspace       used 95060K, capacity 98277K, committed 98508K, reserved 1134592K
  class space    used 12546K, capacity 13751K, committed 13824K, reserved 1048576K
}
Event: 7.913 GC heap before
{Heap before GC invocations=13 (full 0):
 garbage-first heap   total 391168K, used 129615K [0x0000000080000000, 0x0000000100000000)
  region size 1024K, 54 young (55296K), 19 survivors (19456K)
 Metaspace       used 97706K, capacity 100918K, committed 101036K, reserved 1136640K
  class space    used 12784K, capacity 13967K, committed 14048K, reserved 1048576K
}
Event: 7.921 GC heap after
{Heap after GC invocations=14 (full 0):
 garbage-first heap   total 391168K, used 96893K [0x0000000080000000, 0x0000000100000000)
  region size 1024K, 12 young (12288K), 12 survivors (12288K)
 Metaspace       used 97706K, capacity 100918K, committed 101036K, reserved 1136640K
  class space    used 12784K, capacity 13967K, committed 14048K, reserved 1048576K
}
Event: 123.768 GC heap before
{Heap before GC invocations=15 (full 0):
 garbage-first heap   total 391168K, used 288381K [0x0000000080000000, 0x0000000100000000)
  region size 1024K, 199 young (203776K), 12 survivors (12288K)
 Metaspace       used 104237K, capacity 107874K, committed 107944K, reserved 1142784K
  class space    used 13387K, capacity 14699K, committed 14764K, reserved 1048576K
}
Event: 123.782 GC heap after
{Heap after GC invocations=16 (full 0):
 garbage-first heap   total 391168K, used 105072K [0x0000000080000000, 0x0000000100000000)
  region size 1024K, 20 young (20480K), 20 survivors (20480K)
 Metaspace       used 104237K, capacity 107874K, committed 107944K, reserved 1142784K
  class space    used 13387K, capacity 14699K, committed 14764K, reserved 1048576K
}
Event: 296.539 GC heap before
{Heap before GC invocations=17 (full 0):
 garbage-first heap   total 391168K, used 296560K [0x0000000080000000, 0x0000000100000000)
  region size 1024K, 208 young (212992K), 20 survivors (20480K)
 Metaspace       used 109938K, capacity 113629K, committed 113832K, reserved 1148928K
  class space    used 14077K, capacity 15425K, committed 15532K, reserved 1048576K
}
Event: 296.551 GC heap after
{Heap after GC invocations=18 (full 0):
 garbage-first heap   total 391168K, used 114018K [0x0000000080000000, 0x0000000100000000)
  region size 1024K, 20 young (20480K), 20 survivors (20480K)
 Metaspace       used 109938K, capacity 113629K, committed 113832K, reserved 1148928K
  class space    used 14077K, capacity 15425K, committed 15532K, reserved 1048576K
}
Event: 298.558 GC heap before
{Heap before GC invocations=18 (full 0):
 garbage-first heap   total 391168K, used 303458K [0x0000000080000000, 0x0000000100000000)
  region size 1024K, 204 young (208896K), 20 survivors (20480K)
 Metaspace       used 123950K, capacity 128234K, committed 128424K, reserved 1161216K
  class space    used 15875K, capacity 17448K, committed 17580K, reserved 1048576K
}
Event: 298.568 GC heap after
{Heap after GC invocations=19 (full 0):
 garbage-first heap   total 391168K, used 121166K [0x0000000080000000, 0x0000000100000000)
  region size 1024K, 19 young (19456K), 19 survivors (19456K)
 Metaspace       used 123950K, capacity 128234K, committed 128424K, reserved 1161216K
  class space    used 15875K, capacity 17448K, committed 17580K, reserved 1048576K
}
Event: 323.458 GC heap before
{Heap before GC invocations=19 (full 0):
 garbage-first heap   total 391168K, used 323918K [0x0000000080000000, 0x0000000100000000)
  region size 1024K, 204 young (208896K), 19 survivors (19456K)
 Metaspace       used 128477K, capacity 132828K, committed 133032K, reserved 1165312K
  class space    used 16388K, capacity 18018K, committed 18092K, reserved 1048576K
}
Event: 323.473 GC heap after
{Heap after GC invocations=20 (full 0):
 garbage-first heap   total 391168K, used 137805K [0x0000000080000000, 0x0000000100000000)
  region size 1024K, 26 young (26624K), 26 survivors (26624K)
 Metaspace       used 128477K, capacity 132828K, committed 133032K, reserved 1165312K
  class space    used 16388K, capacity 18018K, committed 18092K, reserved 1048576K
}
Event: 467.838 GC heap before
{Heap before GC invocations=20 (full 0):
 garbage-first heap   total 391168K, used 314957K [0x0000000080000000, 0x0000000100000000)
  region size 1024K, 188 young (192512K), 26 survivors (26624K)
 Metaspace       used 129552K, capacity 134208K, committed 134440K, reserved 1165312K
  class space    used 16445K, capacity 18121K, committed 18220K, reserved 1048576K
}
Event: 467.848 GC heap after
{Heap after GC invocations=21 (full 0):
 garbage-first heap   total 391168K, used 133986K [0x0000000080000000, 0x0000000100000000)
  region size 1024K, 6 young (6144K), 6 survivors (6144K)
 Metaspace       used 129552K, capacity 134208K, committed 134440K, reserved 1165312K
  class space    used 16445K, capacity 18121K, committed 18220K, reserved 1048576K
}
Event: 485.766 GC heap before
{Heap before GC invocations=21 (full 0):
 garbage-first heap   total 391168K, used 321378K [0x0000000080000000, 0x0000000100000000)
  region size 1024K, 176 young (180224K), 6 survivors (6144K)
 Metaspace       used 130459K, capacity 135289K, committed 135464K, reserved 1167360K
  class space    used 16465K, capacity 18157K, committed 18220K, reserved 1048576K
}
Event: 485.768 GC heap after
{Heap after GC invocations=22 (full 0):
 garbage-first heap   total 391168K, used 134114K [0x0000000080000000, 0x0000000100000000)
  region size 1024K, 4 young (4096K), 4 survivors (4096K)
 Metaspace       used 130459K, capacity 135289K, committed 135464K, reserved 1167360K
  class space    used 16465K, capacity 18157K, committed 18220K, reserved 1048576K
}
Event: 1003.723 GC heap before
{Heap before GC invocations=22 (full 0):
 garbage-first heap   total 391168K, used 315362K [0x0000000080000000, 0x0000000100000000)
  region size 1024K, 180 young (184320K), 4 survivors (4096K)
 Metaspace       used 131299K, capacity 136268K, committed 136488K, reserved 1167360K
  class space    used 16591K, capacity 18389K, committed 18476K, reserved 1048576K
}
Event: 1003.733 GC heap after
{Heap after GC invocations=23 (full 0):
 garbage-first heap   total 391168K, used 152817K [0x0000000080000000, 0x0000000100000000)
  region size 1024K, 22 young (22528K), 22 survivors (22528K)
 Metaspace       used 131299K, capacity 136268K, committed 136488K, reserved 1167360K
  class space    used 16591K, capacity 18389K, committed 18476K, reserved 1048576K
}
Event: 1215.662 GC heap before
{Heap before GC invocations=23 (full 0):
 garbage-first heap   total 391168K, used 321777K [0x0000000080000000, 0x0000000100000000)
  region size 1024K, 176 young (180224K), 22 survivors (22528K)
 Metaspace       used 132220K, capacity 137214K, committed 137256K, reserved 1169408K
  class space    used 16625K, capacity 18438K, committed 18476K, reserved 1048576K
}
Event: 1215.667 GC heap after
{Heap after GC invocations=24 (full 0):
 garbage-first heap   total 391168K, used 138930K [0x0000000080000000, 0x0000000100000000)
  region size 1024K, 6 young (6144K), 6 survivors (6144K)
 Metaspace       used 132220K, capacity 137214K, committed 137256K, reserved 1169408K
  class space    used 16625K, capacity 18438K, committed 18476K, reserved 1048576K
}

