# JRE version: OpenJDK Runtime Environment (11.0.10) (build 11.0.10+0-b96-7249189)
# Java VM: OpenJDK 64-Bit Server VM (11.0.10+0-b96-7249189, mixed mode, tiered, compressed oops, g1 gc, windows-amd64)
Heap:
 garbage-first heap   total 391168K, used 155657K [0x0000000080000000, 0x0000000100000000)
  region size 1024K, 129 young (132096K), 25 survivors (25600K)
 Metaspace       used 65845K, capacity 67559K, committed 67712K, reserved 1107968K
  class space    used 8319K, capacity 8980K, committed 9088K, reserved 1048576K
GC Heap History (14 events):
Event: 0.369 GC heap before
{Heap before GC invocations=0 (full 0):
 garbage-first heap   total 391168K, used 29696K [0x0000000080000000, 0x0000000100000000)
  region size 1024K, 24 young (24576K), 0 survivors (0K)
 Metaspace       used 10125K, capacity 10339K, committed 10624K, reserved 1058816K
  class space    used 1059K, capacity 1106K, committed 1152K, reserved 1048576K
}
Event: 0.372 GC heap after
{Heap after GC invocations=1 (full 0):
 garbage-first heap   total 391168K, used 9288K [0x0000000080000000, 0x0000000100000000)
  region size 1024K, 3 young (3072K), 3 survivors (3072K)
 Metaspace       used 10125K, capacity 10339K, committed 10624K, reserved 1058816K
  class space    used 1059K, capacity 1106K, committed 1152K, reserved 1048576K
}
Event: 1.091 GC heap before
{Heap before GC invocations=1 (full 0):
 garbage-first heap   total 391168K, used 106568K [0x0000000080000000, 0x0000000100000000)
  region size 1024K, 99 young (101376K), 3 survivors (3072K)
 Metaspace       used 20541K, capacity 21104K, committed 21248K, reserved 1067008K
  class space    used 2504K, capacity 2690K, committed 2816K, reserved 1048576K
}
Event: 1.097 GC heap after
{Heap after GC invocations=2 (full 0):
 garbage-first heap   total 391168K, used 16456K [0x0000000080000000, 0x0000000100000000)
  region size 1024K, 10 young (10240K), 10 survivors (10240K)
 Metaspace       used 20541K, capacity 21104K, committed 21248K, reserved 1067008K
  class space    used 2504K, capacity 2690K, committed 2816K, reserved 1048576K
}
Event: 1.246 GC heap before
{Heap before GC invocations=3 (full 0):
 garbage-first heap   total 391168K, used 43080K [0x0000000080000000, 0x0000000100000000)
  region size 1024K, 36 young (36864K), 10 survivors (10240K)
 Metaspace       used 23264K, capacity 23902K, committed 24192K, reserved 1071104K
  class space    used 2948K, capacity 3158K, committed 3200K, reserved 1048576K
}
Event: 1.250 GC heap after
{Heap after GC invocations=4 (full 0):
 garbage-first heap   total 391168K, used 17594K [0x0000000080000000, 0x0000000100000000)
  region size 1024K, 2 young (2048K), 2 survivors (2048K)
 Metaspace       used 23264K, capacity 23902K, committed 24192K, reserved 1071104K
  class space    used 2948K, capacity 3158K, committed 3200K, reserved 1048576K
}
Event: 1.729 GC heap before
{Heap before GC invocations=4 (full 0):
 garbage-first heap   total 391168K, used 93370K [0x0000000080000000, 0x0000000100000000)
  region size 1024K, 76 young (77824K), 2 survivors (2048K)
 Metaspace       used 31543K, capacity 32337K, committed 32384K, reserved 1077248K
  class space    used 4180K, capacity 4440K, committed 4480K, reserved 1048576K
}
Event: 1.731 GC heap after
{Heap after GC invocations=5 (full 0):
 garbage-first heap   total 391168K, used 20561K [0x0000000080000000, 0x0000000100000000)
  region size 1024K, 5 young (5120K), 5 survivors (5120K)
 Metaspace       used 31543K, capacity 32337K, committed 32384K, reserved 1077248K
  class space    used 4180K, capacity 4440K, committed 4480K, reserved 1048576K
}
Event: 1.841 GC heap before
{Heap before GC invocations=5 (full 0):
 garbage-first heap   total 391168K, used 29777K [0x0000000080000000, 0x0000000100000000)
  region size 1024K, 15 young (15360K), 5 survivors (5120K)
 Metaspace       used 35044K, capacity 35835K, committed 35840K, reserved 1081344K
  class space    used 4544K, capacity 4863K, committed 4864K, reserved 1048576K
}
Event: 1.848 GC heap after
{Heap after GC invocations=6 (full 0):
 garbage-first heap   total 391168K, used 22203K [0x0000000080000000, 0x0000000100000000)
  region size 1024K, 6 young (6144K), 6 survivors (6144K)
 Metaspace       used 35044K, capacity 35835K, committed 35840K, reserved 1081344K
  class space    used 4544K, capacity 4863K, committed 4864K, reserved 1048576K
}
Event: 2.586 GC heap before
{Heap before GC invocations=7 (full 0):
 garbage-first heap   total 391168K, used 165563K [0x0000000080000000, 0x0000000100000000)
  region size 1024K, 143 young (146432K), 6 survivors (6144K)
 Metaspace       used 45546K, capacity 46661K, committed 46848K, reserved 1089536K
  class space    used 5851K, capacity 6287K, committed 6400K, reserved 1048576K
}
Event: 2.592 GC heap after
{Heap after GC invocations=8 (full 0):
 garbage-first heap   total 391168K, used 29630K [0x0000000080000000, 0x0000000100000000)
  region size 1024K, 13 young (13312K), 13 survivors (13312K)
 Metaspace       used 45546K, capacity 46661K, committed 46848K, reserved 1089536K
  class space    used 5851K, capacity 6287K, committed 6400K, reserved 1048576K
}
Event: 3.493 GC heap before
{Heap before GC invocations=8 (full 0):
 garbage-first heap   total 391168K, used 169918K [0x0000000080000000, 0x0000000100000000)
  region size 1024K, 145 young (148480K), 13 survivors (13312K)
 Metaspace       used 58477K, capacity 60054K, committed 60160K, reserved 1101824K
  class space    used 7432K, capacity 7996K, committed 8064K, reserved 1048576K
}
Event: 3.507 GC heap after
{Heap after GC invocations=9 (full 0):
 garbage-first heap   total 391168K, used 49161K [0x0000000080000000, 0x0000000100000000)
  region size 1024K, 25 young (25600K), 25 survivors (25600K)
 Metaspace       used 58477K, capacity 60054K, committed 60160K, reserved 1101824K
  class space    used 7432K, capacity 7996K, committed 8064K, reserved 1048576K
}

