# JRE version: OpenJDK Runtime Environment (11.0.8+10) (build 11.0.8+10-b944.6842174)
# Java VM: OpenJDK 64-Bit Server VM (11.0.8+10-b944.6842174, mixed mode, tiered, compressed oops, g1 gc, windows-amd64)
Heap:
 garbage-first heap   total 391168K, used 173980K [0x0000000080000000, 0x0000000100000000)
  region size 1024K, 71 young (72704K), 6 survivors (6144K)
 Metaspace       used 138926K, capacity 144888K, committed 144956K, reserved 1175552K
  class space    used 17567K, capacity 19808K, committed 19864K, reserved 1048576K
GC Heap History (20 events):
Event: 225.492 GC heap before
{Heap before GC invocations=13 (full 0):
 garbage-first heap   total 391168K, used 299842K [0x0000000080000000, 0x0000000100000000)
  region size 1024K, 229 young (234496K), 21 survivors (21504K)
 Metaspace       used 113667K, capacity 118051K, committed 118204K, reserved 1150976K
  class space    used 15053K, capacity 16845K, committed 16920K, reserved 1048576K
}
Event: 225.501 GC heap after
{Heap after GC invocations=14 (full 0):
 garbage-first heap   total 391168K, used 75549K [0x0000000080000000, 0x0000000100000000)
  region size 1024K, 9 young (9216K), 9 survivors (9216K)
 Metaspace       used 113667K, capacity 118051K, committed 118204K, reserved 1150976K
  class space    used 15053K, capacity 16845K, committed 16920K, reserved 1048576K
}
Event: 464.749 GC heap before
{Heap before GC invocations=15 (full 0):
 garbage-first heap   total 391168K, used 317213K [0x0000000080000000, 0x0000000100000000)
  region size 1024K, 229 young (234496K), 9 survivors (9216K)
 Metaspace       used 117905K, capacity 122393K, committed 122556K, reserved 1155072K
  class space    used 15282K, capacity 17079K, committed 17176K, reserved 1048576K
}
Event: 464.755 GC heap after
{Heap after GC invocations=16 (full 0):
 garbage-first heap   total 391168K, used 79055K [0x0000000080000000, 0x0000000100000000)
  region size 1024K, 11 young (11264K), 11 survivors (11264K)
 Metaspace       used 117905K, capacity 122393K, committed 122556K, reserved 1155072K
  class space    used 15282K, capacity 17079K, committed 17176K, reserved 1048576K
}
Event: 989.984 GC heap before
{Heap before GC invocations=16 (full 0):
 garbage-first heap   total 391168K, used 314575K [0x0000000080000000, 0x0000000100000000)
  region size 1024K, 229 young (234496K), 11 survivors (11264K)
 Metaspace       used 119093K, capacity 123530K, committed 123836K, reserved 1157120K
  class space    used 15297K, capacity 17097K, committed 17176K, reserved 1048576K
}
Event: 989.993 GC heap after
{Heap after GC invocations=17 (full 0):
 garbage-first heap   total 391168K, used 87974K [0x0000000080000000, 0x0000000100000000)
  region size 1024K, 19 young (19456K), 19 survivors (19456K)
 Metaspace       used 119093K, capacity 123530K, committed 123836K, reserved 1157120K
  class space    used 15297K, capacity 17097K, committed 17176K, reserved 1048576K
}
Event: 1953.110 GC heap before
{Heap before GC invocations=17 (full 0):
 garbage-first heap   total 391168K, used 319398K [0x0000000080000000, 0x0000000100000000)
  region size 1024K, 229 young (234496K), 19 survivors (19456K)
 Metaspace       used 119942K, capacity 124493K, committed 124604K, reserved 1157120K
  class space    used 15325K, capacity 17149K, committed 17176K, reserved 1048576K
}
Event: 1953.118 GC heap after
{Heap after GC invocations=18 (full 0):
 garbage-first heap   total 391168K, used 83125K [0x0000000080000000, 0x0000000100000000)
  region size 1024K, 12 young (12288K), 12 survivors (12288K)
 Metaspace       used 119942K, capacity 124493K, committed 124604K, reserved 1157120K
  class space    used 15325K, capacity 17149K, committed 17176K, reserved 1048576K
}
Event: 2076.809 GC heap before
{Heap before GC invocations=18 (full 0):
 garbage-first heap   total 391168K, used 316597K [0x0000000080000000, 0x0000000100000000)
  region size 1024K, 229 young (234496K), 12 survivors (12288K)
 Metaspace       used 120480K, capacity 125065K, committed 125116K, reserved 1157120K
  class space    used 15329K, capacity 17152K, committed 17176K, reserved 1048576K
}
Event: 2076.812 GC heap after
{Heap after GC invocations=19 (full 0):
 garbage-first heap   total 391168K, used 78565K [0x0000000080000000, 0x0000000100000000)
  region size 1024K, 6 young (6144K), 6 survivors (6144K)
 Metaspace       used 120480K, capacity 125065K, committed 125116K, reserved 1157120K
  class space    used 15329K, capacity 17152K, committed 17176K, reserved 1048576K
}
Event: 3517.487 GC heap before
{Heap before GC invocations=19 (full 0):
 garbage-first heap   total 391168K, used 322277K [0x0000000080000000, 0x0000000100000000)
  region size 1024K, 229 young (234496K), 6 survivors (6144K)
 Metaspace       used 131490K, capacity 136728K, committed 136892K, reserved 1167360K
  class space    used 16822K, capacity 18831K, committed 18968K, reserved 1048576K
}
Event: 3517.497 GC heap after
{Heap after GC invocations=20 (full 0):
 garbage-first heap   total 391168K, used 107823K [0x0000000080000000, 0x0000000100000000)
  region size 1024K, 21 young (21504K), 21 survivors (21504K)
 Metaspace       used 131490K, capacity 136728K, committed 136892K, reserved 1167360K
  class space    used 16822K, capacity 18831K, committed 18968K, reserved 1048576K
}
Event: 3960.571 GC heap before
{Heap before GC invocations=20 (full 0):
 garbage-first heap   total 391168K, used 325935K [0x0000000080000000, 0x0000000100000000)
  region size 1024K, 225 young (230400K), 21 survivors (21504K)
 Metaspace       used 137143K, capacity 142869K, committed 143036K, reserved 1173504K
  class space    used 17509K, capacity 19705K, committed 19736K, reserved 1048576K
}
Event: 3960.583 GC heap after
{Heap after GC invocations=21 (full 0):
 garbage-first heap   total 391168K, used 114320K [0x0000000080000000, 0x0000000100000000)
  region size 1024K, 12 young (12288K), 12 survivors (12288K)
 Metaspace       used 137143K, capacity 142869K, committed 143036K, reserved 1173504K
  class space    used 17509K, capacity 19705K, committed 19736K, reserved 1048576K
}
Event: 3981.589 GC heap before
{Heap before GC invocations=21 (full 0):
 garbage-first heap   total 391168K, used 328336K [0x0000000080000000, 0x0000000100000000)
  region size 1024K, 210 young (215040K), 12 survivors (12288K)
 Metaspace       used 137642K, capacity 143567K, committed 143676K, reserved 1173504K
  class space    used 17539K, capacity 19759K, committed 19864K, reserved 1048576K
}
Event: 3981.592 GC heap after
{Heap after GC invocations=22 (full 0):
 garbage-first heap   total 391168K, used 111186K [0x0000000080000000, 0x0000000100000000)
  region size 1024K, 7 young (7168K), 7 survivors (7168K)
 Metaspace       used 137642K, capacity 143567K, committed 143676K, reserved 1173504K
  class space    used 17539K, capacity 19759K, committed 19864K, reserved 1048576K
}
Event: 6849.808 GC heap before
{Heap before GC invocations=22 (full 0):
 garbage-first heap   total 391168K, used 330322K [0x0000000080000000, 0x0000000100000000)
  region size 1024K, 214 young (219136K), 7 survivors (7168K)
 Metaspace       used 138189K, capacity 144075K, committed 144188K, reserved 1173504K
  class space    used 17545K, capacity 19767K, committed 19864K, reserved 1048576K
}
Event: 6849.810 GC heap after
{Heap after GC invocations=23 (full 0):
 garbage-first heap   total 391168K, used 109573K [0x0000000080000000, 0x0000000100000000)
  region size 1024K, 6 young (6144K), 6 survivors (6144K)
 Metaspace       used 138189K, capacity 144075K, committed 144188K, reserved 1173504K
  class space    used 17545K, capacity 19767K, committed 19864K, reserved 1048576K
}
Event: 9977.513 GC heap before
{Heap before GC invocations=23 (full 0):
 garbage-first heap   total 391168K, used 344069K [0x0000000080000000, 0x0000000100000000)
  region size 1024K, 219 young (224256K), 6 survivors (6144K)
 Metaspace       used 138594K, capacity 144488K, committed 144700K, reserved 1173504K
  class space    used 17547K, capacity 19770K, committed 19864K, reserved 1048576K
}
Event: 9977.516 GC heap after
{Heap after GC invocations=24 (full 0):
 garbage-first heap   total 391168K, used 109468K [0x0000000080000000, 0x0000000100000000)
  region size 1024K, 6 young (6144K), 6 survivors (6144K)
 Metaspace       used 138594K, capacity 144488K, committed 144700K, reserved 1173504K
  class space    used 17547K, capacity 19770K, committed 19864K, reserved 1048576K
}

