# JRE version: OpenJDK Runtime Environment (11.0.8+10) (build 11.0.8+10-b944.6842174)
# Java VM: OpenJDK 64-Bit Server VM (11.0.8+10-b944.6842174, mixed mode, tiered, compressed oops, g1 gc, windows-amd64)
Heap:
 garbage-first heap   total 425984K, used 270848K [0x0000000080000000, 0x0000000100000000)
  region size 1024K, 37 young (37888K), 10 survivors (10240K)
 Metaspace       used 119535K, capacity 123873K, committed 124160K, reserved 1157120K
  class space    used 14926K, capacity 16597K, committed 16640K, reserved 1048576K
GC Heap History (20 events):
Event: 4.993 GC heap before
{Heap before GC invocations=9 (full 0):
 garbage-first heap   total 391168K, used 252854K [0x0000000080000000, 0x0000000100000000)
  region size 1024K, 229 young (234496K), 24 survivors (24576K)
 Metaspace       used 78018K, capacity 80041K, committed 80128K, reserved 1118208K
  class space    used 10238K, capacity 10981K, committed 11008K, reserved 1048576K
}
Event: 5.009 GC heap after
{Heap after GC invocations=10 (full 0):
 garbage-first heap   total 391168K, used 57006K [0x0000000080000000, 0x0000000100000000)
  region size 1024K, 26 young (26624K), 26 survivors (26624K)
 Metaspace       used 78018K, capacity 80041K, committed 80128K, reserved 1118208K
  class space    used 10238K, capacity 10981K, committed 11008K, reserved 1048576K
}
Event: 5.884 GC heap before
{Heap before GC invocations=10 (full 0):
 garbage-first heap   total 391168K, used 263854K [0x0000000080000000, 0x0000000100000000)
  region size 1024K, 229 young (234496K), 26 survivors (26624K)
 Metaspace       used 86535K, capacity 88902K, committed 89088K, reserved 1126400K
  class space    used 11283K, capacity 12189K, committed 12288K, reserved 1048576K
}
Event: 5.899 GC heap after
{Heap after GC invocations=11 (full 0):
 garbage-first heap   total 391168K, used 73882K [0x0000000080000000, 0x0000000100000000)
  region size 1024K, 29 young (29696K), 29 survivors (29696K)
 Metaspace       used 86535K, capacity 88902K, committed 89088K, reserved 1126400K
  class space    used 11283K, capacity 12189K, committed 12288K, reserved 1048576K
}
Event: 6.914 GC heap before
{Heap before GC invocations=11 (full 0):
 garbage-first heap   total 391168K, used 263322K [0x0000000080000000, 0x0000000100000000)
  region size 1024K, 214 young (219136K), 29 survivors (29696K)
 Metaspace       used 97462K, capacity 100553K, committed 100608K, reserved 1136640K
  class space    used 12791K, capacity 14040K, committed 14080K, reserved 1048576K
}
Event: 6.947 GC heap after
{Heap after GC invocations=12 (full 0):
 garbage-first heap   total 391168K, used 84567K [0x0000000080000000, 0x0000000100000000)
  region size 1024K, 10 young (10240K), 10 survivors (10240K)
 Metaspace       used 97462K, capacity 100553K, committed 100608K, reserved 1136640K
  class space    used 12791K, capacity 14040K, committed 14080K, reserved 1048576K
}
Event: 149.264 GC heap before
{Heap before GC invocations=13 (full 0):
 garbage-first heap   total 391168K, used 307799K [0x0000000080000000, 0x0000000100000000)
  region size 1024K, 212 young (217088K), 10 survivors (10240K)
 Metaspace       used 110638K, capacity 114298K, committed 114432K, reserved 1148928K
  class space    used 14353K, capacity 15789K, committed 15872K, reserved 1048576K
}
Event: 149.283 GC heap after
{Heap after GC invocations=14 (full 0):
 garbage-first heap   total 391168K, used 96243K [0x0000000080000000, 0x0000000100000000)
  region size 1024K, 21 young (21504K), 21 survivors (21504K)
 Metaspace       used 110638K, capacity 114298K, committed 114432K, reserved 1148928K
  class space    used 14353K, capacity 15789K, committed 15872K, reserved 1048576K
}
Event: 184.026 GC heap before
{Heap before GC invocations=15 (full 0):
 garbage-first heap   total 391168K, used 315379K [0x0000000080000000, 0x0000000100000000)
  region size 1024K, 219 young (224256K), 21 survivors (21504K)
 Metaspace       used 112358K, capacity 116026K, committed 116224K, reserved 1148928K
  class space    used 14355K, capacity 15791K, committed 15872K, reserved 1048576K
}
Event: 184.034 GC heap after
{Heap after GC invocations=16 (full 0):
 garbage-first heap   total 391168K, used 99242K [0x0000000080000000, 0x0000000100000000)
  region size 1024K, 16 young (16384K), 16 survivors (16384K)
 Metaspace       used 112358K, capacity 116026K, committed 116224K, reserved 1148928K
  class space    used 14355K, capacity 15791K, committed 15872K, reserved 1048576K
}
Event: 279.164 GC heap before
{Heap before GC invocations=16 (full 0):
 garbage-first heap   total 391168K, used 319402K [0x0000000080000000, 0x0000000100000000)
  region size 1024K, 215 young (220160K), 16 survivors (16384K)
 Metaspace       used 113768K, capacity 117612K, committed 117888K, reserved 1150976K
  class space    used 14424K, capacity 15931K, committed 16000K, reserved 1048576K
}
Event: 279.171 GC heap after
{Heap after GC invocations=17 (full 0):
 garbage-first heap   total 391168K, used 99686K [0x0000000080000000, 0x0000000100000000)
  region size 1024K, 12 young (12288K), 12 survivors (12288K)
 Metaspace       used 113768K, capacity 117612K, committed 117888K, reserved 1150976K
  class space    used 14424K, capacity 15931K, committed 16000K, reserved 1048576K
}
Event: 303.827 GC heap before
{Heap before GC invocations=17 (full 0):
 garbage-first heap   total 391168K, used 320870K [0x0000000080000000, 0x0000000100000000)
  region size 1024K, 214 young (219136K), 12 survivors (12288K)
 Metaspace       used 116628K, capacity 120737K, committed 121088K, reserved 1155072K
  class space    used 14671K, capacity 16257K, committed 16384K, reserved 1048576K
}
Event: 303.832 GC heap after
{Heap after GC invocations=18 (full 0):
 garbage-first heap   total 391168K, used 94301K [0x0000000080000000, 0x0000000100000000)
  region size 1024K, 9 young (9216K), 9 survivors (9216K)
 Metaspace       used 116628K, capacity 120737K, committed 121088K, reserved 1155072K
  class space    used 14671K, capacity 16257K, committed 16384K, reserved 1048576K
}
Event: 304.671 GC heap before
{Heap before GC invocations=18 (full 0):
 garbage-first heap   total 391168K, used 347229K [0x0000000080000000, 0x0000000100000000)
  region size 1024K, 219 young (224256K), 9 survivors (9216K)
 Metaspace       used 119260K, capacity 123586K, committed 123648K, reserved 1157120K
  class space    used 14926K, capacity 16597K, committed 16640K, reserved 1048576K
}
Event: 304.680 GC heap after
{Heap after GC invocations=19 (full 0):
 garbage-first heap   total 391168K, used 139148K [0x0000000080000000, 0x0000000100000000)
  region size 1024K, 28 young (28672K), 28 survivors (28672K)
 Metaspace       used 119260K, capacity 123586K, committed 123648K, reserved 1157120K
  class space    used 14926K, capacity 16597K, committed 16640K, reserved 1048576K
}
Event: 305.004 GC heap before
{Heap before GC invocations=19 (full 0):
 garbage-first heap   total 391168K, used 312204K [0x0000000080000000, 0x0000000100000000)
  region size 1024K, 196 young (200704K), 28 survivors (28672K)
 Metaspace       used 119433K, capacity 123790K, committed 123904K, reserved 1157120K
  class space    used 14926K, capacity 16597K, committed 16640K, reserved 1048576K
}
Event: 305.054 GC heap after
{Heap after GC invocations=20 (full 0):
 garbage-first heap   total 425984K, used 224436K [0x0000000080000000, 0x0000000100000000)
  region size 1024K, 25 young (25600K), 25 survivors (25600K)
 Metaspace       used 119433K, capacity 123790K, committed 123904K, reserved 1157120K
  class space    used 14926K, capacity 16597K, committed 16640K, reserved 1048576K
}
Event: 305.265 GC heap before
{Heap before GC invocations=20 (full 0):
 garbage-first heap   total 425984K, used 278708K [0x0000000080000000, 0x0000000100000000)
  region size 1024K, 78 young (79872K), 25 survivors (25600K)
 Metaspace       used 119496K, capacity 123804K, committed 123904K, reserved 1157120K
  class space    used 14926K, capacity 16597K, committed 16640K, reserved 1048576K
}
Event: 305.308 GC heap after
{Heap after GC invocations=21 (full 0):
 garbage-first heap   total 425984K, used 243200K [0x0000000080000000, 0x0000000100000000)
  region size 1024K, 10 young (10240K), 10 survivors (10240K)
 Metaspace       used 119496K, capacity 123804K, committed 123904K, reserved 1157120K
  class space    used 14926K, capacity 16597K, committed 16640K, reserved 1048576K
}

