# JRE version: OpenJDK Runtime Environment (11.0.8+10) (build 11.0.8+10-b944.6842174)
# Java VM: OpenJDK 64-Bit Server VM (11.0.8+10-b944.6842174, mixed mode, tiered, compressed oops, g1 gc, windows-amd64)
Heap:
 garbage-first heap   total 391168K, used 169110K [0x0000000080000000, 0x0000000100000000)
  region size 1024K, 81 young (82944K), 9 survivors (9216K)
 Metaspace       used 112666K, capacity 116457K, committed 116684K, reserved 1150976K
  class space    used 14470K, capacity 15971K, committed 16076K, reserved 1048576K
GC Heap History (20 events):
Event: 1.278 GC heap before
{Heap before GC invocations=3 (full 0):
 garbage-first heap   total 391168K, used 29955K [0x0000000080000000, 0x0000000100000000)
  region size 1024K, 23 young (23552K), 10 survivors (10240K)
 Metaspace       used 21824K, capacity 22411K, committed 22656K, reserved 1069056K
  class space    used 2749K, capacity 2938K, committed 2944K, reserved 1048576K
}
Event: 1.281 GC heap after
{Heap after GC invocations=4 (full 0):
 garbage-first heap   total 391168K, used 17493K [0x0000000080000000, 0x0000000100000000)
  region size 1024K, 1 young (1024K), 1 survivors (1024K)
 Metaspace       used 21824K, capacity 22411K, committed 22656K, reserved 1069056K
  class space    used 2749K, capacity 2938K, committed 2944K, reserved 1048576K
}
Event: 1.714 GC heap before
{Heap before GC invocations=4 (full 0):
 garbage-first heap   total 391168K, used 83029K [0x0000000080000000, 0x0000000100000000)
  region size 1024K, 65 young (66560K), 1 survivors (1024K)
 Metaspace       used 28056K, capacity 28836K, committed 29184K, reserved 1075200K
  class space    used 3736K, capacity 3997K, committed 4096K, reserved 1048576K
}
Event: 1.716 GC heap after
{Heap after GC invocations=5 (full 0):
 garbage-first heap   total 391168K, used 19397K [0x0000000080000000, 0x0000000100000000)
  region size 1024K, 3 young (3072K), 3 survivors (3072K)
 Metaspace       used 28056K, capacity 28836K, committed 29184K, reserved 1075200K
  class space    used 3736K, capacity 3997K, committed 4096K, reserved 1048576K
}
Event: 2.025 GC heap before
{Heap before GC invocations=5 (full 0):
 garbage-first heap   total 391168K, used 51141K [0x0000000080000000, 0x0000000100000000)
  region size 1024K, 36 young (36864K), 3 survivors (3072K)
 Metaspace       used 35064K, capacity 35831K, committed 35840K, reserved 1081344K
  class space    used 4547K, capacity 4863K, committed 4864K, reserved 1048576K
}
Event: 2.031 GC heap after
{Heap after GC invocations=6 (full 0):
 garbage-first heap   total 391168K, used 22207K [0x0000000080000000, 0x0000000100000000)
  region size 1024K, 6 young (6144K), 6 survivors (6144K)
 Metaspace       used 35064K, capacity 35831K, committed 35840K, reserved 1081344K
  class space    used 4547K, capacity 4863K, committed 4864K, reserved 1048576K
}
Event: 2.677 GC heap before
{Heap before GC invocations=7 (full 0):
 garbage-first heap   total 391168K, used 133823K [0x0000000080000000, 0x0000000100000000)
  region size 1024K, 112 young (114688K), 6 survivors (6144K)
 Metaspace       used 43882K, capacity 44883K, committed 44928K, reserved 1087488K
  class space    used 5636K, capacity 5995K, committed 6016K, reserved 1048576K
}
Event: 2.682 GC heap after
{Heap after GC invocations=8 (full 0):
 garbage-first heap   total 391168K, used 28453K [0x0000000080000000, 0x0000000100000000)
  region size 1024K, 12 young (12288K), 12 survivors (12288K)
 Metaspace       used 43882K, capacity 44883K, committed 44928K, reserved 1087488K
  class space    used 5636K, capacity 5995K, committed 6016K, reserved 1048576K
}
Event: 4.058 GC heap before
{Heap before GC invocations=8 (full 0):
 garbage-first heap   total 391168K, used 178981K [0x0000000080000000, 0x0000000100000000)
  region size 1024K, 158 young (161792K), 12 survivors (12288K)
 Metaspace       used 58567K, capacity 60068K, committed 60160K, reserved 1101824K
  class space    used 7431K, capacity 7987K, committed 8064K, reserved 1048576K
}
Event: 4.075 GC heap after
{Heap after GC invocations=9 (full 0):
 garbage-first heap   total 391168K, used 44282K [0x0000000080000000, 0x0000000100000000)
  region size 1024K, 24 young (24576K), 24 survivors (24576K)
 Metaspace       used 58567K, capacity 60068K, committed 60160K, reserved 1101824K
  class space    used 7431K, capacity 7987K, committed 8064K, reserved 1048576K
}
Event: 5.802 GC heap before
{Heap before GC invocations=10 (full 0):
 garbage-first heap   total 391168K, used 254202K [0x0000000080000000, 0x0000000100000000)
  region size 1024K, 229 young (234496K), 24 survivors (24576K)
 Metaspace       used 78139K, capacity 80247K, committed 80384K, reserved 1118208K
  class space    used 10256K, capacity 11006K, committed 11008K, reserved 1048576K
}
Event: 5.817 GC heap after
{Heap after GC invocations=11 (full 0):
 garbage-first heap   total 391168K, used 57654K [0x0000000080000000, 0x0000000100000000)
  region size 1024K, 27 young (27648K), 27 survivors (27648K)
 Metaspace       used 78139K, capacity 80247K, committed 80384K, reserved 1118208K
  class space    used 10256K, capacity 11006K, committed 11008K, reserved 1048576K
}
Event: 7.093 GC heap before
{Heap before GC invocations=11 (full 0):
 garbage-first heap   total 391168K, used 263478K [0x0000000080000000, 0x0000000100000000)
  region size 1024K, 229 young (234496K), 27 survivors (27648K)
 Metaspace       used 86464K, capacity 88749K, committed 88960K, reserved 1126400K
  class space    used 11256K, capacity 12123K, committed 12160K, reserved 1048576K
}
Event: 7.107 GC heap after
{Heap after GC invocations=12 (full 0):
 garbage-first heap   total 391168K, used 74176K [0x0000000080000000, 0x0000000100000000)
  region size 1024K, 29 young (29696K), 29 survivors (29696K)
 Metaspace       used 86464K, capacity 88749K, committed 88960K, reserved 1126400K
  class space    used 11256K, capacity 12123K, committed 12160K, reserved 1048576K
}
Event: 8.887 GC heap before
{Heap before GC invocations=12 (full 0):
 garbage-first heap   total 391168K, used 281024K [0x0000000080000000, 0x0000000100000000)
  region size 1024K, 229 young (234496K), 29 survivors (29696K)
 Metaspace       used 91598K, capacity 94115K, committed 94336K, reserved 1130496K
  class space    used 11622K, capacity 12571K, committed 12672K, reserved 1048576K
}
Event: 8.900 GC heap after
{Heap after GC invocations=13 (full 0):
 garbage-first heap   total 391168K, used 80896K [0x0000000080000000, 0x0000000100000000)
  region size 1024K, 5 young (5120K), 5 survivors (5120K)
 Metaspace       used 91598K, capacity 94115K, committed 94336K, reserved 1130496K
  class space    used 11622K, capacity 12571K, committed 12672K, reserved 1048576K
}
Event: 9.377 GC heap before
{Heap before GC invocations=13 (full 0):
 garbage-first heap   total 391168K, used 206848K [0x0000000080000000, 0x0000000100000000)
  region size 1024K, 130 young (133120K), 5 survivors (5120K)
 Metaspace       used 97678K, capacity 100647K, committed 100696K, reserved 1136640K
  class space    used 12533K, capacity 13675K, committed 13696K, reserved 1048576K
}
Event: 9.384 GC heap after
{Heap after GC invocations=14 (full 0):
 garbage-first heap   total 391168K, used 81883K [0x0000000080000000, 0x0000000100000000)
  region size 1024K, 8 young (8192K), 8 survivors (8192K)
 Metaspace       used 97678K, capacity 100647K, committed 100696K, reserved 1136640K
  class space    used 12533K, capacity 13675K, committed 13696K, reserved 1048576K
}
Event: 10.192 GC heap before
{Heap before GC invocations=15 (full 0):
 garbage-first heap   total 391168K, used 291803K [0x0000000080000000, 0x0000000100000000)
  region size 1024K, 214 young (219136K), 8 survivors (8192K)
 Metaspace       used 107398K, capacity 111154K, committed 111308K, reserved 1144832K
  class space    used 14002K, capacity 15481K, committed 15564K, reserved 1048576K
}
Event: 10.199 GC heap after
{Heap after GC invocations=16 (full 0):
 garbage-first heap   total 391168K, used 82070K [0x0000000080000000, 0x0000000100000000)
  region size 1024K, 9 young (9216K), 9 survivors (9216K)
 Metaspace       used 107398K, capacity 111154K, committed 111308K, reserved 1144832K
  class space    used 14002K, capacity 15481K, committed 15564K, reserved 1048576K
}

