# JRE version: OpenJDK Runtime Environment (11.0.8+10) (build 11.0.8+10-b944.6842174)
# Java VM: OpenJDK 64-Bit Server VM (11.0.8+10-b944.6842174, mixed mode, tiered, compressed oops, g1 gc, windows-amd64)
Heap:
 garbage-first heap   total 391168K, used 244577K [0x0000000080000000, 0x0000000100000000)
  region size 1024K, 189 young (193536K), 21 survivors (21504K)
 Metaspace       used 88473K, capacity 90670K, committed 90828K, reserved 1128448K
  class space    used 11489K, capacity 12173K, committed 12288K, reserved 1048576K
GC Heap History (16 events):
Event: 0.549 GC heap before
{Heap before GC invocations=0 (full 0):
 garbage-first heap   total 391168K, used 29696K [0x0000000080000000, 0x0000000100000000)
  region size 1024K, 24 young (24576K), 0 survivors (0K)
 Metaspace       used 10403K, capacity 10691K, committed 11008K, reserved 1058816K
  class space    used 1091K, capacity 1161K, committed 1280K, reserved 1048576K
}
Event: 0.602 GC heap after
{Heap after GC invocations=1 (full 0):
 garbage-first heap   total 391168K, used 8741K [0x0000000080000000, 0x0000000100000000)
  region size 1024K, 3 young (3072K), 3 survivors (3072K)
 Metaspace       used 10403K, capacity 10691K, committed 11008K, reserved 1058816K
  class space    used 1091K, capacity 1161K, committed 1280K, reserved 1048576K
}
Event: 1.681 GC heap before
{Heap before GC invocations=1 (full 0):
 garbage-first heap   total 391168K, used 92709K [0x0000000080000000, 0x0000000100000000)
  region size 1024K, 87 young (89088K), 3 survivors (3072K)
 Metaspace       used 20526K, capacity 21066K, committed 21248K, reserved 1067008K
  class space    used 2517K, capacity 2691K, committed 2816K, reserved 1048576K
}
Event: 1.686 GC heap after
{Heap after GC invocations=2 (full 0):
 garbage-first heap   total 391168K, used 16602K [0x0000000080000000, 0x0000000100000000)
  region size 1024K, 11 young (11264K), 11 survivors (11264K)
 Metaspace       used 20526K, capacity 21066K, committed 21248K, reserved 1067008K
  class space    used 2517K, capacity 2691K, committed 2816K, reserved 1048576K
}
Event: 1.856 GC heap before
{Heap before GC invocations=3 (full 0):
 garbage-first heap   total 391168K, used 44250K [0x0000000080000000, 0x0000000100000000)
  region size 1024K, 38 young (38912K), 11 survivors (11264K)
 Metaspace       used 23515K, capacity 24156K, committed 24192K, reserved 1071104K
  class space    used 2999K, capacity 3190K, committed 3200K, reserved 1048576K
}
Event: 1.859 GC heap after
{Heap after GC invocations=4 (full 0):
 garbage-first heap   total 391168K, used 17470K [0x0000000080000000, 0x0000000100000000)
  region size 1024K, 2 young (2048K), 2 survivors (2048K)
 Metaspace       used 23515K, capacity 24156K, committed 24192K, reserved 1071104K
  class space    used 2999K, capacity 3190K, committed 3200K, reserved 1048576K
}
Event: 2.506 GC heap before
{Heap before GC invocations=4 (full 0):
 garbage-first heap   total 391168K, used 105534K [0x0000000080000000, 0x0000000100000000)
  region size 1024K, 81 young (82944K), 2 survivors (2048K)
 Metaspace       used 34982K, capacity 35777K, committed 35840K, reserved 1081344K
  class space    used 4541K, capacity 4829K, committed 4864K, reserved 1048576K
}
Event: 2.512 GC heap after
{Heap after GC invocations=5 (full 0):
 garbage-first heap   total 391168K, used 33290K [0x0000000080000000, 0x0000000100000000)
  region size 1024K, 8 young (8192K), 8 survivors (8192K)
 Metaspace       used 34982K, capacity 35777K, committed 35840K, reserved 1081344K
  class space    used 4541K, capacity 4829K, committed 4864K, reserved 1048576K
}
Event: 3.170 GC heap before
{Heap before GC invocations=6 (full 0):
 garbage-first heap   total 391168K, used 139786K [0x0000000080000000, 0x0000000100000000)
  region size 1024K, 101 young (103424K), 8 survivors (8192K)
 Metaspace       used 43777K, capacity 44988K, committed 45184K, reserved 1089536K
  class space    used 5600K, capacity 5975K, committed 6016K, reserved 1048576K
}
Event: 3.177 GC heap after
{Heap after GC invocations=7 (full 0):
 garbage-first heap   total 391168K, used 47666K [0x0000000080000000, 0x0000000100000000)
  region size 1024K, 13 young (13312K), 13 survivors (13312K)
 Metaspace       used 43777K, capacity 44988K, committed 45184K, reserved 1089536K
  class space    used 5600K, capacity 5975K, committed 6016K, reserved 1048576K
}
Event: 3.999 GC heap before
{Heap before GC invocations=7 (full 0):
 garbage-first heap   total 391168K, used 171570K [0x0000000080000000, 0x0000000100000000)
  region size 1024K, 132 young (135168K), 13 survivors (13312K)
 Metaspace       used 54189K, capacity 55739K, committed 56064K, reserved 1097728K
  class space    used 6852K, capacity 7337K, committed 7424K, reserved 1048576K
}
Event: 4.006 GC heap after
{Heap after GC invocations=8 (full 0):
 garbage-first heap   total 391168K, used 61229K [0x0000000080000000, 0x0000000100000000)
  region size 1024K, 17 young (17408K), 17 survivors (17408K)
 Metaspace       used 54189K, capacity 55739K, committed 56064K, reserved 1097728K
  class space    used 6852K, capacity 7337K, committed 7424K, reserved 1048576K
}
Event: 4.298 GC heap before
{Heap before GC invocations=8 (full 0):
 garbage-first heap   total 391168K, used 95021K [0x0000000080000000, 0x0000000100000000)
  region size 1024K, 51 young (52224K), 17 survivors (17408K)
 Metaspace       used 58495K, capacity 60105K, committed 60160K, reserved 1101824K
  class space    used 7419K, capacity 7936K, committed 7936K, reserved 1048576K
}
Event: 4.309 GC heap after
{Heap after GC invocations=9 (full 0):
 garbage-first heap   total 391168K, used 62873K [0x0000000080000000, 0x0000000100000000)
  region size 1024K, 12 young (12288K), 12 survivors (12288K)
 Metaspace       used 58495K, capacity 60105K, committed 60160K, reserved 1101824K
  class space    used 7419K, capacity 7936K, committed 7936K, reserved 1048576K
}
Event: 5.430 GC heap before
{Heap before GC invocations=10 (full 0):
 garbage-first heap   total 391168K, used 219545K [0x0000000080000000, 0x0000000100000000)
  region size 1024K, 165 young (168960K), 12 survivors (12288K)
 Metaspace       used 73281K, capacity 75225K, committed 75340K, reserved 1114112K
  class space    used 9447K, capacity 10072K, committed 10112K, reserved 1048576K
}
Event: 5.446 GC heap after
{Heap after GC invocations=11 (full 0):
 garbage-first heap   total 391168K, used 73569K [0x0000000080000000, 0x0000000100000000)
  region size 1024K, 21 young (21504K), 21 survivors (21504K)
 Metaspace       used 73281K, capacity 75225K, committed 75340K, reserved 1114112K
  class space    used 9447K, capacity 10072K, committed 10112K, reserved 1048576K
}

